[2025-09-26T05:20:17.033Z] [INFO] 发现端口: 9222
[2025-09-26T05:20:17.038Z] [INFO] 连接到: 🧧出款 Large order 2800 to 10080
[2025-09-26T05:20:17.105Z] [INFO] 捕获成功:
[2025-09-26T05:20:17.106Z] [INFO]   接收消息: 10 条
[2025-09-26T05:20:17.107Z] [INFO]   发送消息: 10 条
[2025-09-26T05:20:17.108Z] [INFO]   未知方向: 0 条
[2025-09-26T05:20:17.109Z] [INFO]   总计: 20 条
[2025-09-26T05:20:17.110Z] [INFO] ✅ 双向捕获脚本注入成功!
[2025-09-26T05:20:17.110Z] [INFO] 📱 请在Telegram中进行对话测试:
[2025-09-26T05:20:17.111Z] [INFO]    1. 发送一些消息给联系人
[2025-09-26T05:20:17.111Z] [INFO]    2. 等待对方回复
[2025-09-26T05:20:17.112Z] [INFO]    3. 观察捕获结果
[2025-09-26T05:20:22.123Z] [INFO] 捕获成功:
[2025-09-26T05:20:22.123Z] [INFO]   接收消息: 10 条
[2025-09-26T05:20:22.124Z] [INFO]   发送消息: 10 条
[2025-09-26T05:20:22.125Z] [INFO]   未知方向: 0 条
[2025-09-26T05:20:22.125Z] [INFO]   总计: 20 条
[2025-09-26T05:20:27.114Z] [INFO] 捕获成功:
[2025-09-26T05:20:27.115Z] [INFO]   接收消息: 10 条
[2025-09-26T05:20:27.115Z] [INFO]   发送消息: 10 条
[2025-09-26T05:20:27.115Z] [INFO]   未知方向: 0 条
[2025-09-26T05:20:27.116Z] [INFO]   总计: 20 条
[2025-09-26T05:20:32.112Z] [INFO] 捕获成功:
[2025-09-26T05:20:32.112Z] [INFO]   接收消息: 10 条
[2025-09-26T05:20:32.113Z] [INFO]   发送消息: 10 条
[2025-09-26T05:20:32.113Z] [INFO]   未知方向: 0 条
[2025-09-26T05:20:32.114Z] [INFO]   总计: 20 条
[2025-09-26T05:20:37.115Z] [INFO] 捕获成功:
[2025-09-26T05:20:37.116Z] [INFO]   接收消息: 10 条
[2025-09-26T05:20:37.116Z] [INFO]   发送消息: 10 条
[2025-09-26T05:20:37.117Z] [INFO]   未知方向: 0 条
[2025-09-26T05:20:37.117Z] [INFO]   总计: 20 条
[2025-09-26T05:20:42.117Z] [INFO] 捕获成功:
[2025-09-26T05:20:42.117Z] [INFO]   接收消息: 10 条
[2025-09-26T05:20:42.118Z] [INFO]   发送消息: 10 条
[2025-09-26T05:20:42.118Z] [INFO]   未知方向: 0 条
[2025-09-26T05:20:42.119Z] [INFO]   总计: 20 条
[2025-09-26T05:20:47.115Z] [INFO] 捕获成功:
[2025-09-26T05:20:47.116Z] [INFO]   接收消息: 10 条
[2025-09-26T05:20:47.117Z] [INFO]   发送消息: 10 条
[2025-09-26T05:20:47.117Z] [INFO]   未知方向: 0 条
[2025-09-26T05:20:47.118Z] [INFO]   总计: 20 条
[2025-09-26T05:20:52.114Z] [INFO] 捕获成功:
[2025-09-26T05:20:52.115Z] [INFO]   接收消息: 10 条
[2025-09-26T05:20:52.115Z] [INFO]   发送消息: 10 条
[2025-09-26T05:20:52.116Z] [INFO]   未知方向: 0 条
[2025-09-26T05:20:52.116Z] [INFO]   总计: 20 条
[2025-09-26T05:20:57.114Z] [INFO] 捕获成功:
[2025-09-26T05:20:57.115Z] [INFO]   接收消息: 10 条
[2025-09-26T05:20:57.115Z] [INFO]   发送消息: 10 条
[2025-09-26T05:20:57.116Z] [INFO]   未知方向: 0 条
[2025-09-26T05:20:57.117Z] [INFO]   总计: 20 条
[2025-09-26T05:21:02.110Z] [INFO] 捕获成功:
[2025-09-26T05:21:02.110Z] [INFO]   接收消息: 10 条
[2025-09-26T05:21:02.111Z] [INFO]   发送消息: 10 条
[2025-09-26T05:21:02.111Z] [INFO]   未知方向: 0 条
[2025-09-26T05:21:02.111Z] [INFO]   总计: 20 条
[2025-09-26T05:21:07.115Z] [INFO] 捕获成功:
[2025-09-26T05:21:07.116Z] [INFO]   接收消息: 10 条
[2025-09-26T05:21:07.116Z] [INFO]   发送消息: 10 条
[2025-09-26T05:21:07.117Z] [INFO]   未知方向: 0 条
[2025-09-26T05:21:07.117Z] [INFO]   总计: 20 条
[2025-09-26T05:21:12.118Z] [INFO] 捕获成功:
[2025-09-26T05:21:12.119Z] [INFO]   接收消息: 10 条
[2025-09-26T05:21:12.119Z] [INFO]   发送消息: 10 条
[2025-09-26T05:21:12.120Z] [INFO]   未知方向: 0 条
[2025-09-26T05:21:12.120Z] [INFO]   总计: 20 条
[2025-09-26T05:21:17.115Z] [INFO] 捕获成功:
[2025-09-26T05:21:17.116Z] [INFO]   接收消息: 10 条
[2025-09-26T05:21:17.116Z] [INFO]   发送消息: 10 条
[2025-09-26T05:21:17.117Z] [INFO]   未知方向: 0 条
[2025-09-26T05:21:17.117Z] [INFO]   总计: 20 条
[2025-09-26T05:21:22.115Z] [INFO] 捕获成功:
[2025-09-26T05:21:22.115Z] [INFO]   接收消息: 10 条
[2025-09-26T05:21:22.116Z] [INFO]   发送消息: 10 条
[2025-09-26T05:21:22.116Z] [INFO]   未知方向: 0 条
[2025-09-26T05:21:22.117Z] [INFO]   总计: 20 条
[2025-09-26T05:21:27.121Z] [INFO] 捕获成功:
[2025-09-26T05:21:27.122Z] [INFO]   接收消息: 10 条
[2025-09-26T05:21:27.122Z] [INFO]   发送消息: 10 条
[2025-09-26T05:21:27.122Z] [INFO]   未知方向: 0 条
[2025-09-26T05:21:27.123Z] [INFO]   总计: 20 条
[2025-09-26T05:21:32.111Z] [INFO] 捕获成功:
[2025-09-26T05:21:32.112Z] [INFO]   接收消息: 10 条
[2025-09-26T05:21:32.112Z] [INFO]   发送消息: 10 条
[2025-09-26T05:21:32.113Z] [INFO]   未知方向: 0 条
[2025-09-26T05:21:32.113Z] [INFO]   总计: 20 条
[2025-09-26T05:21:37.111Z] [INFO] 捕获成功:
[2025-09-26T05:21:37.112Z] [INFO]   接收消息: 10 条
[2025-09-26T05:21:37.112Z] [INFO]   发送消息: 10 条
[2025-09-26T05:21:37.113Z] [INFO]   未知方向: 0 条
[2025-09-26T05:21:37.113Z] [INFO]   总计: 20 条
[2025-09-26T05:21:42.112Z] [INFO] 捕获成功:
[2025-09-26T05:21:42.113Z] [INFO]   接收消息: 10 条
[2025-09-26T05:21:42.114Z] [INFO]   发送消息: 10 条
[2025-09-26T05:21:42.115Z] [INFO]   未知方向: 0 条
[2025-09-26T05:21:42.115Z] [INFO]   总计: 20 条
[2025-09-26T05:21:47.115Z] [INFO] 捕获成功:
[2025-09-26T05:21:47.116Z] [INFO]   接收消息: 10 条
[2025-09-26T05:21:47.117Z] [INFO]   发送消息: 10 条
[2025-09-26T05:21:47.118Z] [INFO]   未知方向: 0 条
[2025-09-26T05:21:47.118Z] [INFO]   总计: 20 条
[2025-09-26T05:21:52.112Z] [INFO] 捕获成功:
[2025-09-26T05:21:52.112Z] [INFO]   接收消息: 10 条
[2025-09-26T05:21:52.113Z] [INFO]   发送消息: 10 条
[2025-09-26T05:21:52.113Z] [INFO]   未知方向: 0 条
[2025-09-26T05:21:52.114Z] [INFO]   总计: 20 条
[2025-09-26T05:21:57.114Z] [INFO] 捕获成功:
[2025-09-26T05:21:57.114Z] [INFO]   接收消息: 10 条
[2025-09-26T05:21:57.115Z] [INFO]   发送消息: 10 条
[2025-09-26T05:21:57.115Z] [INFO]   未知方向: 0 条
[2025-09-26T05:21:57.115Z] [INFO]   总计: 20 条
[2025-09-26T05:22:02.116Z] [INFO] 捕获成功:
[2025-09-26T05:22:02.117Z] [INFO]   接收消息: 10 条
[2025-09-26T05:22:02.117Z] [INFO]   发送消息: 10 条
[2025-09-26T05:22:02.117Z] [INFO]   未知方向: 0 条
[2025-09-26T05:22:02.118Z] [INFO]   总计: 20 条
[2025-09-26T05:22:07.121Z] [INFO] 捕获成功:
[2025-09-26T05:22:07.121Z] [INFO]   接收消息: 10 条
[2025-09-26T05:22:07.122Z] [INFO]   发送消息: 10 条
[2025-09-26T05:22:07.123Z] [INFO]   未知方向: 0 条
[2025-09-26T05:22:07.123Z] [INFO]   总计: 20 条
[2025-09-26T05:22:12.114Z] [INFO] 捕获成功:
[2025-09-26T05:22:12.115Z] [INFO]   接收消息: 10 条
[2025-09-26T05:22:12.115Z] [INFO]   发送消息: 10 条
[2025-09-26T05:22:12.116Z] [INFO]   未知方向: 0 条
[2025-09-26T05:22:12.116Z] [INFO]   总计: 20 条
[2025-09-26T05:22:17.117Z] [INFO] 捕获成功:
[2025-09-26T05:22:17.117Z] [INFO]   接收消息: 10 条
[2025-09-26T05:22:17.118Z] [INFO]   发送消息: 10 条
[2025-09-26T05:22:17.118Z] [INFO]   未知方向: 0 条
[2025-09-26T05:22:17.119Z] [INFO]   总计: 20 条
[2025-09-26T05:22:17.119Z] [INFO] 双向捕获完成!
[2025-09-26T05:22:17.120Z] [INFO] === 双向捕获结果分析 ===
[2025-09-26T05:22:17.121Z] [INFO] 📊 统计结果:
[2025-09-26T05:22:17.121Z] [INFO]    记录数: 25
[2025-09-26T05:22:17.122Z] [INFO]    接收消息: 250 条 (唯一: 10)
[2025-09-26T05:22:17.122Z] [INFO]    发送消息: 250 条 (唯一: 10)
[2025-09-26T05:22:17.123Z] [INFO]    未知方向: 0 条
[2025-09-26T05:22:17.124Z] [INFO] 
📥 接收消息示例:
[2025-09-26T05:22:17.124Z] [INFO]    1. "Yamato_secret owner Didn't handle 没处理"
[2025-09-26T05:22:17.125Z] [INFO]    2. "Didn't handle"
[2025-09-26T05:22:17.126Z] [INFO] 
📤 发送消息示例:
[2025-09-26T05:22:17.126Z] [INFO]    1. "Yamato_secret owner Didn't handle 没处理"
[2025-09-26T05:22:17.127Z] [INFO]    2. "Didn't handle"
