[2025-09-26T05:15:29.182Z] [INFO] 发现可用端口: 9222
[2025-09-26T05:15:29.188Z] [INFO] 连接到: 首存 9.25 HAS54675 就业服务 32 8108440399
[2025-09-26T05:15:29.245Z] [INFO] 捕获: 2 条消息, 健康状态: {"ready":true,"body":true,"visible":true}
[2025-09-26T05:15:29.246Z] [INFO] 脚本注入成功! 实验开始...
[2025-09-26T05:15:29.247Z] [INFO] 请在Telegram中发送测试消息
[2025-09-26T05:15:32.268Z] [INFO] 捕获: 2 条消息, 健康状态: {"ready":true,"body":true,"visible":true}
[2025-09-26T05:15:35.261Z] [INFO] 捕获: 2 条消息, 健康状态: {"ready":true,"body":true,"visible":true}
[2025-09-26T05:15:38.248Z] [INFO] 捕获: 2 条消息, 健康状态: {"ready":true,"body":true,"visible":true}
[2025-09-26T05:15:41.250Z] [INFO] 捕获: 2 条消息, 健康状态: {"ready":true,"body":true,"visible":true}
[2025-09-26T05:15:44.249Z] [INFO] 捕获: 2 条消息, 健康状态: {"ready":true,"body":true,"visible":true}
[2025-09-26T05:15:47.257Z] [INFO] 捕获: 2 条消息, 健康状态: {"ready":true,"body":true,"visible":true}
[2025-09-26T05:15:50.255Z] [INFO] 捕获: 2 条消息, 健康状态: {"ready":true,"body":true,"visible":true}
[2025-09-26T05:15:53.252Z] [INFO] 捕获: 2 条消息, 健康状态: {"ready":true,"body":true,"visible":true}
[2025-09-26T05:15:56.262Z] [INFO] 捕获: 2 条消息, 健康状态: {"ready":true,"body":true,"visible":true}
[2025-09-26T05:15:59.254Z] [INFO] 捕获: 2 条消息, 健康状态: {"ready":true,"body":true,"visible":true}
[2025-09-26T05:16:02.248Z] [INFO] 捕获: 2 条消息, 健康状态: {"ready":true,"body":true,"visible":true}
[2025-09-26T05:16:05.249Z] [INFO] 捕获: 2 条消息, 健康状态: {"ready":true,"body":true,"visible":true}
[2025-09-26T05:16:08.262Z] [INFO] 捕获: 2 条消息, 健康状态: {"ready":true,"body":true,"visible":true}
[2025-09-26T05:16:11.249Z] [INFO] 捕获: 2 条消息, 健康状态: {"ready":true,"body":true,"visible":true}
[2025-09-26T05:16:14.259Z] [INFO] 捕获: 2 条消息, 健康状态: {"ready":true,"body":true,"visible":true}
[2025-09-26T05:16:17.261Z] [INFO] 捕获: 2 条消息, 健康状态: {"ready":true,"body":true,"visible":true}
[2025-09-26T05:16:20.259Z] [INFO] 捕获: 2 条消息, 健康状态: {"ready":true,"body":true,"visible":true}
[2025-09-26T05:16:23.255Z] [INFO] 捕获: 2 条消息, 健康状态: {"ready":true,"body":true,"visible":true}
[2025-09-26T05:16:26.247Z] [INFO] 捕获: 2 条消息, 健康状态: {"ready":true,"body":true,"visible":true}
[2025-09-26T05:16:29.257Z] [INFO] 捕获: 2 条消息, 健康状态: {"ready":true,"body":true,"visible":true}
[2025-09-26T05:16:32.253Z] [INFO] 捕获: 2 条消息, 健康状态: {"ready":true,"body":true,"visible":true}
[2025-09-26T05:16:35.250Z] [INFO] 捕获: 2 条消息, 健康状态: {"ready":true,"body":true,"visible":true}
[2025-09-26T05:16:38.249Z] [INFO] 捕获: 2 条消息, 健康状态: {"ready":true,"body":true,"visible":true}
[2025-09-26T05:16:41.249Z] [INFO] 捕获: 2 条消息, 健康状态: {"ready":true,"body":true,"visible":true}
[2025-09-26T05:16:44.253Z] [INFO] 捕获: 2 条消息, 健康状态: {"ready":true,"body":true,"visible":true}
[2025-09-26T05:16:47.251Z] [INFO] 捕获: 2 条消息, 健康状态: {"ready":true,"body":true,"visible":true}
[2025-09-26T05:16:50.261Z] [INFO] 捕获: 2 条消息, 健康状态: {"ready":true,"body":true,"visible":true}
[2025-09-26T05:16:53.247Z] [INFO] 捕获: 2 条消息, 健康状态: {"ready":true,"body":true,"visible":true}
[2025-09-26T05:16:56.250Z] [INFO] 捕获: 2 条消息, 健康状态: {"ready":true,"body":true,"visible":true}
[2025-09-26T05:16:59.260Z] [INFO] 捕获: 2 条消息, 健康状态: {"ready":true,"body":true,"visible":true}
[2025-09-26T05:17:02.251Z] [INFO] 捕获: 2 条消息, 健康状态: {"ready":true,"body":true,"visible":true}
[2025-09-26T05:17:05.248Z] [INFO] 捕获: 2 条消息, 健康状态: {"ready":true,"body":true,"visible":true}
[2025-09-26T05:17:08.248Z] [INFO] 捕获: 2 条消息, 健康状态: {"ready":true,"body":true,"visible":true}
