
[2024-01-01T00:00:00.000Z] FATAL ERROR - window_creation
Platform: win32
Node Version: v22.19.0
Electron Version: unknown
Error: __vite_ssr_import_0__.app.getAppPath is not a function
Stack: TypeError: __vite_ssr_import_0__.app.getAppPath is not a function
    at createWindow (C:\Users\hybnb\Desktop\xiaohao\telegram-web-auto-reply\src\main\index.ts:58:25)
    at C:\Users\hybnb\Desktop\xiaohao\telegram-web-auto-reply\src\main\index.ts:384:7
    at processTicksAndRejections (node:internal/process/task_queues:105:5)
================================================================================

[2024-01-01T00:00:00.000Z] FATAL ERROR - application_startup
Platform: win32
Node Version: v22.19.0
Electron Version: unknown
Error: __vite_ssr_import_0__.app.getAppPath is not a function
Stack: TypeError: __vite_ssr_import_0__.app.getAppPath is not a function
    at createWindow (C:\Users\hybnb\Desktop\xiaohao\telegram-web-auto-reply\src\main\index.ts:58:25)
    at C:\Users\hybnb\Desktop\xiaohao\telegram-web-auto-reply\src\main\index.ts:384:7
    at processTicksAndRejections (node:internal/process/task_queues:105:5)
================================================================================

[2024-01-01T00:00:00.000Z] FATAL ERROR - window_creation
Platform: win32
Node Version: v22.19.0
Electron Version: unknown
Error: __vite_ssr_import_0__.app.getAppPath is not a function
Stack: TypeError: __vite_ssr_import_0__.app.getAppPath is not a function
    at createWindow (C:\Users\hybnb\Desktop\xiaohao\telegram-web-auto-reply\src\main\index.ts:58:25)
    at C:\Users\hybnb\Desktop\xiaohao\telegram-web-auto-reply\src\main\index.ts:384:7
    at processTicksAndRejections (node:internal/process/task_queues:105:5)
================================================================================

[2024-01-01T00:00:00.000Z] FATAL ERROR - application_startup
Platform: win32
Node Version: v22.19.0
Electron Version: unknown
Error: __vite_ssr_import_0__.app.getAppPath is not a function
Stack: TypeError: __vite_ssr_import_0__.app.getAppPath is not a function
    at createWindow (C:\Users\hybnb\Desktop\xiaohao\telegram-web-auto-reply\src\main\index.ts:58:25)
    at C:\Users\hybnb\Desktop\xiaohao\telegram-web-auto-reply\src\main\index.ts:384:7
    at processTicksAndRejections (node:internal/process/task_queues:105:5)
================================================================================

[2024-01-01T00:00:00.000Z] FATAL ERROR - window_creation
Platform: win32
Node Version: v22.19.0
Electron Version: unknown
Error: __vite_ssr_import_0__.app.getAppPath is not a function
Stack: TypeError: __vite_ssr_import_0__.app.getAppPath is not a function
    at createWindow (C:\Users\hybnb\Desktop\xiaohao\telegram-web-auto-reply\src\main\index.ts:58:25)
    at C:\Users\hybnb\Desktop\xiaohao\telegram-web-auto-reply\src\main\index.ts:384:7
    at processTicksAndRejections (node:internal/process/task_queues:105:5)
================================================================================

[2024-01-01T00:00:00.000Z] FATAL ERROR - application_startup
Platform: win32
Node Version: v22.19.0
Electron Version: unknown
Error: __vite_ssr_import_0__.app.getAppPath is not a function
Stack: TypeError: __vite_ssr_import_0__.app.getAppPath is not a function
    at createWindow (C:\Users\hybnb\Desktop\xiaohao\telegram-web-auto-reply\src\main\index.ts:58:25)
    at C:\Users\hybnb\Desktop\xiaohao\telegram-web-auto-reply\src\main\index.ts:384:7
    at processTicksAndRejections (node:internal/process/task_queues:105:5)
================================================================================

[2025-11-07T04:55:24.251Z] FATAL ERROR - window_creation
Platform: win32
Node Version: v22.19.0
Electron Version: unknown
Error: __vite_ssr_import_0__.app.getAppPath is not a function
Stack: TypeError: __vite_ssr_import_0__.app.getAppPath is not a function
    at createWindow (C:\Users\hybnb\Desktop\xiaohao\telegram-web-auto-reply\src\main\index.ts:65:25)
    at C:\Users\hybnb\Desktop\xiaohao\telegram-web-auto-reply\src\main\index.ts:408:7
    at processTicksAndRejections (node:internal/process/task_queues:105:5)
================================================================================

[2025-11-07T04:55:24.254Z] FATAL ERROR - application_startup
Platform: win32
Node Version: v22.19.0
Electron Version: unknown
Error: __vite_ssr_import_0__.app.getAppPath is not a function
Stack: TypeError: __vite_ssr_import_0__.app.getAppPath is not a function
    at createWindow (C:\Users\hybnb\Desktop\xiaohao\telegram-web-auto-reply\src\main\index.ts:65:25)
    at C:\Users\hybnb\Desktop\xiaohao\telegram-web-auto-reply\src\main\index.ts:408:7
    at processTicksAndRejections (node:internal/process/task_queues:105:5)
================================================================================

[2025-11-07T05:08:05.065Z] FATAL ERROR - window_creation
Platform: win32
Node Version: v22.19.0
Electron Version: unknown
Error: __vite_ssr_import_0__.app.getAppPath is not a function
Stack: TypeError: __vite_ssr_import_0__.app.getAppPath is not a function
    at createWindow (C:\Users\hybnb\Desktop\xiaohao\telegram-web-auto-reply\src\main\index.ts:65:25)
    at C:\Users\hybnb\Desktop\xiaohao\telegram-web-auto-reply\src\main\index.ts:408:7
    at processTicksAndRejections (node:internal/process/task_queues:105:5)
================================================================================

[2025-11-07T05:08:05.067Z] FATAL ERROR - application_startup
Platform: win32
Node Version: v22.19.0
Electron Version: unknown
Error: __vite_ssr_import_0__.app.getAppPath is not a function
Stack: TypeError: __vite_ssr_import_0__.app.getAppPath is not a function
    at createWindow (C:\Users\hybnb\Desktop\xiaohao\telegram-web-auto-reply\src\main\index.ts:65:25)
    at C:\Users\hybnb\Desktop\xiaohao\telegram-web-auto-reply\src\main\index.ts:408:7
    at processTicksAndRejections (node:internal/process/task_queues:105:5)
================================================================================

[2025-11-07T05:13:47.308Z] FATAL ERROR - window_creation
Platform: win32
Node Version: v22.19.0
Electron Version: unknown
Error: __vite_ssr_import_0__.app.getAppPath is not a function
Stack: TypeError: __vite_ssr_import_0__.app.getAppPath is not a function
    at createWindow (C:\Users\hybnb\Desktop\xiaohao\telegram-web-auto-reply\src\main\index.ts:66:25)
    at C:\Users\hybnb\Desktop\xiaohao\telegram-web-auto-reply\src\main\index.ts:409:7
    at processTicksAndRejections (node:internal/process/task_queues:105:5)
================================================================================

[2025-11-07T05:13:47.309Z] FATAL ERROR - application_startup
Platform: win32
Node Version: v22.19.0
Electron Version: unknown
Error: __vite_ssr_import_0__.app.getAppPath is not a function
Stack: TypeError: __vite_ssr_import_0__.app.getAppPath is not a function
    at createWindow (C:\Users\hybnb\Desktop\xiaohao\telegram-web-auto-reply\src\main\index.ts:66:25)
    at C:\Users\hybnb\Desktop\xiaohao\telegram-web-auto-reply\src\main\index.ts:409:7
    at processTicksAndRejections (node:internal/process/task_queues:105:5)
================================================================================

[2025-11-07T06:06:14.405Z] FATAL ERROR - window_creation
Platform: win32
Node Version: v22.19.0
Electron Version: unknown
Error: __vite_ssr_import_0__.app.getAppPath is not a function
Stack: TypeError: __vite_ssr_import_0__.app.getAppPath is not a function
    at createWindow (C:\Users\hybnb\Desktop\xiaohao\telegram-web-auto-reply\src\main\index.ts:66:25)
    at C:\Users\hybnb\Desktop\xiaohao\telegram-web-auto-reply\src\main\index.ts:409:7
    at processTicksAndRejections (node:internal/process/task_queues:105:5)
================================================================================

[2025-11-07T06:06:14.407Z] FATAL ERROR - application_startup
Platform: win32
Node Version: v22.19.0
Electron Version: unknown
Error: __vite_ssr_import_0__.app.getAppPath is not a function
Stack: TypeError: __vite_ssr_import_0__.app.getAppPath is not a function
    at createWindow (C:\Users\hybnb\Desktop\xiaohao\telegram-web-auto-reply\src\main\index.ts:66:25)
    at C:\Users\hybnb\Desktop\xiaohao\telegram-web-auto-reply\src\main\index.ts:409:7
    at processTicksAndRejections (node:internal/process/task_queues:105:5)
================================================================================

[2025-11-07T06:25:25.600Z] FATAL ERROR - system_tray
Platform: win32
Node Version: v22.19.0
Electron Version: unknown
Error: __vite_ssr_import_0__.app.getAppPath is not a function
Stack: TypeError: __vite_ssr_import_0__.app.getAppPath is not a function
    at TrayManager.getIconPath (C:\Users\hybnb\Desktop\xiaohao\telegram-web-auto-reply\src\main\system\tray-manager.ts:393:33)
    at TrayManager.initialize (C:\Users\hybnb\Desktop\xiaohao\telegram-web-auto-reply\src\main\system\tray-manager.ts:52:27)
    at C:\Users\hybnb\Desktop\xiaohao\telegram-web-auto-reply\src\main\index.ts:615:27
    at processTicksAndRejections (node:internal/process/task_queues:105:5)
================================================================================

[2025-11-07T06:27:23.280Z] FATAL ERROR - system_tray
Platform: win32
Node Version: v22.19.0
Electron Version: unknown
Error: __vite_ssr_import_0__.app.getAppPath is not a function
Stack: TypeError: __vite_ssr_import_0__.app.getAppPath is not a function
    at TrayManager.getIconPath (C:\Users\hybnb\Desktop\xiaohao\telegram-web-auto-reply\src\main\system\tray-manager.ts:393:33)
    at TrayManager.initialize (C:\Users\hybnb\Desktop\xiaohao\telegram-web-auto-reply\src\main\system\tray-manager.ts:52:27)
    at C:\Users\hybnb\Desktop\xiaohao\telegram-web-auto-reply\src\main\index.ts:615:27
    at processTicksAndRejections (node:internal/process/task_queues:105:5)
================================================================================

[2025-11-07T06:27:26.273Z] FATAL ERROR - uncaughtException
Platform: win32
Node Version: v22.19.0
Electron Version: unknown
Error: mainWindow.isVisible is not a function
Stack: TypeError: mainWindow.isVisible is not a function
    at Timeout._onTimeout (C:\Users\hybnb\Desktop\xiaohao\telegram-web-auto-reply\src\main\index.ts:213:35)
    at listOnTimeout (node:internal/timers:588:17)
    at processTimers (node:internal/timers:523:7)
================================================================================

[2025-11-07T08:11:13.396Z] FATAL ERROR - system_tray
Platform: win32
Node Version: v22.19.0
Electron Version: unknown
Error: __vite_ssr_import_0__.app.getAppPath is not a function
Stack: TypeError: __vite_ssr_import_0__.app.getAppPath is not a function
    at TrayManager.getIconPath (C:\Users\hybnb\Desktop\xiaohao\telegram-web-auto-reply\src\main\system\tray-manager.ts:393:33)
    at TrayManager.initialize (C:\Users\hybnb\Desktop\xiaohao\telegram-web-auto-reply\src\main\system\tray-manager.ts:52:27)
    at C:\Users\hybnb\Desktop\xiaohao\telegram-web-auto-reply\src\main\index.ts:644:27
    at processTicksAndRejections (node:internal/process/task_queues:105:5)
================================================================================

[2025-11-07T08:11:16.406Z] FATAL ERROR - uncaughtException
Platform: win32
Node Version: v22.19.0
Electron Version: unknown
Error: mainWindow.isVisible is not a function
Stack: TypeError: mainWindow.isVisible is not a function
    at Timeout._onTimeout (C:\Users\hybnb\Desktop\xiaohao\telegram-web-auto-reply\src\main\index.ts:242:35)
    at listOnTimeout (node:internal/timers:588:17)
    at processTimers (node:internal/timers:523:7)
================================================================================

[2025-11-07T08:18:13.496Z] FATAL ERROR - system_tray
Platform: win32
Node Version: v22.19.0
Electron Version: unknown
Error: __vite_ssr_import_0__.app.getAppPath is not a function
Stack: TypeError: __vite_ssr_import_0__.app.getAppPath is not a function
    at TrayManager.getIconPath (C:\Users\hybnb\Desktop\xiaohao\telegram-web-auto-reply\src\main\system\tray-manager.ts:393:33)
    at TrayManager.initialize (C:\Users\hybnb\Desktop\xiaohao\telegram-web-auto-reply\src\main\system\tray-manager.ts:52:27)
    at C:\Users\hybnb\Desktop\xiaohao\telegram-web-auto-reply\src\main\index.ts:644:27
    at processTicksAndRejections (node:internal/process/task_queues:105:5)
================================================================================

[2025-11-07T08:18:16.488Z] FATAL ERROR - uncaughtException
Platform: win32
Node Version: v22.19.0
Electron Version: unknown
Error: mainWindow.isVisible is not a function
Stack: TypeError: mainWindow.isVisible is not a function
    at Timeout._onTimeout (C:\Users\hybnb\Desktop\xiaohao\telegram-web-auto-reply\src\main\index.ts:242:35)
    at listOnTimeout (node:internal/timers:588:17)
    at processTimers (node:internal/timers:523:7)
================================================================================

[2025-11-07T09:14:06.853Z] FATAL ERROR - system_tray
Platform: win32
Node Version: v22.19.0
Electron Version: unknown
Error: __vite_ssr_import_0__.app.getAppPath is not a function
Stack: TypeError: __vite_ssr_import_0__.app.getAppPath is not a function
    at TrayManager.getIconPath (C:\Users\hybnb\Desktop\xiaohao\telegram-web-auto-reply\src\main\system\tray-manager.ts:393:33)
    at TrayManager.initialize (C:\Users\hybnb\Desktop\xiaohao\telegram-web-auto-reply\src\main\system\tray-manager.ts:52:27)
    at C:\Users\hybnb\Desktop\xiaohao\telegram-web-auto-reply\src\main\index.ts:644:27
    at processTicksAndRejections (node:internal/process/task_queues:105:5)
================================================================================

[2025-11-07T09:14:09.861Z] FATAL ERROR - uncaughtException
Platform: win32
Node Version: v22.19.0
Electron Version: unknown
Error: mainWindow.isVisible is not a function
Stack: TypeError: mainWindow.isVisible is not a function
    at Timeout._onTimeout (C:\Users\hybnb\Desktop\xiaohao\telegram-web-auto-reply\src\main\index.ts:242:35)
    at listOnTimeout (node:internal/timers:588:17)
    at processTimers (node:internal/timers:523:7)
================================================================================

[2025-11-07T10:39:04.156Z] FATAL ERROR - system_tray
Platform: win32
Node Version: v22.19.0
Electron Version: unknown
Error: __vite_ssr_import_0__.app.getAppPath is not a function
Stack: TypeError: __vite_ssr_import_0__.app.getAppPath is not a function
    at TrayManager.getIconPath (C:\Users\hybnb\Desktop\xiaohao\telegram-web-auto-reply\src\main\system\tray-manager.ts:393:33)
    at TrayManager.initialize (C:\Users\hybnb\Desktop\xiaohao\telegram-web-auto-reply\src\main\system\tray-manager.ts:52:27)
    at C:\Users\hybnb\Desktop\xiaohao\telegram-web-auto-reply\src\main\index.ts:644:27
    at processTicksAndRejections (node:internal/process/task_queues:105:5)
================================================================================

[2025-11-07T10:39:07.158Z] FATAL ERROR - uncaughtException
Platform: win32
Node Version: v22.19.0
Electron Version: unknown
Error: mainWindow.isVisible is not a function
Stack: TypeError: mainWindow.isVisible is not a function
    at Timeout._onTimeout (C:\Users\hybnb\Desktop\xiaohao\telegram-web-auto-reply\src\main\index.ts:242:35)
    at listOnTimeout (node:internal/timers:588:17)
    at processTimers (node:internal/timers:523:7)
================================================================================

[2025-11-07T11:56:11.058Z] FATAL ERROR - system_tray
Platform: win32
Node Version: v22.19.0
Electron Version: unknown
Error: __vite_ssr_import_0__.app.getAppPath is not a function
Stack: TypeError: __vite_ssr_import_0__.app.getAppPath is not a function
    at TrayManager.getIconPath (C:\Users\hybnb\Desktop\xiaohao\telegram-web-auto-reply\src\main\system\tray-manager.ts:393:33)
    at TrayManager.initialize (C:\Users\hybnb\Desktop\xiaohao\telegram-web-auto-reply\src\main\system\tray-manager.ts:52:27)
    at C:\Users\hybnb\Desktop\xiaohao\telegram-web-auto-reply\src\main\index.ts:644:27
    at processTicksAndRejections (node:internal/process/task_queues:105:5)
================================================================================

[2025-11-07T11:56:14.039Z] FATAL ERROR - uncaughtException
Platform: win32
Node Version: v22.19.0
Electron Version: unknown
Error: mainWindow.isVisible is not a function
Stack: TypeError: mainWindow.isVisible is not a function
    at Timeout._onTimeout (C:\Users\hybnb\Desktop\xiaohao\telegram-web-auto-reply\src\main\index.ts:242:35)
    at listOnTimeout (node:internal/timers:588:17)
    at processTimers (node:internal/timers:523:7)
================================================================================

[2025-11-07T13:07:31.915Z] FATAL ERROR - system_tray
Platform: win32
Node Version: v22.19.0
Electron Version: unknown
Error: __vite_ssr_import_0__.app.getAppPath is not a function
Stack: TypeError: __vite_ssr_import_0__.app.getAppPath is not a function
    at TrayManager.getIconPath (C:\Users\hybnb\Desktop\xiaohao\telegram-web-auto-reply\src\main\system\tray-manager.ts:393:33)
    at TrayManager.initialize (C:\Users\hybnb\Desktop\xiaohao\telegram-web-auto-reply\src\main\system\tray-manager.ts:52:27)
    at C:\Users\hybnb\Desktop\xiaohao\telegram-web-auto-reply\src\main\index.ts:644:27
    at processTicksAndRejections (node:internal/process/task_queues:105:5)
================================================================================

[2025-11-07T13:07:34.912Z] FATAL ERROR - uncaughtException
Platform: win32
Node Version: v22.19.0
Electron Version: unknown
Error: mainWindow.isVisible is not a function
Stack: TypeError: mainWindow.isVisible is not a function
    at Timeout._onTimeout (C:\Users\hybnb\Desktop\xiaohao\telegram-web-auto-reply\src\main\index.ts:242:35)
    at listOnTimeout (node:internal/timers:588:17)
    at processTimers (node:internal/timers:523:7)
================================================================================

[2025-11-07T13:18:50.450Z] FATAL ERROR - system_tray
Platform: win32
Node Version: v22.19.0
Electron Version: unknown
Error: __vite_ssr_import_0__.app.getAppPath is not a function
Stack: TypeError: __vite_ssr_import_0__.app.getAppPath is not a function
    at TrayManager.getIconPath (C:\Users\hybnb\Desktop\xiaohao\telegram-web-auto-reply\src\main\system\tray-manager.ts:393:33)
    at TrayManager.initialize (C:\Users\hybnb\Desktop\xiaohao\telegram-web-auto-reply\src\main\system\tray-manager.ts:52:27)
    at C:\Users\hybnb\Desktop\xiaohao\telegram-web-auto-reply\src\main\index.ts:644:27
    at processTicksAndRejections (node:internal/process/task_queues:105:5)
================================================================================

[2025-11-07T13:18:53.456Z] FATAL ERROR - uncaughtException
Platform: win32
Node Version: v22.19.0
Electron Version: unknown
Error: mainWindow.isVisible is not a function
Stack: TypeError: mainWindow.isVisible is not a function
    at Timeout._onTimeout (C:\Users\hybnb\Desktop\xiaohao\telegram-web-auto-reply\src\main\index.ts:242:35)
    at listOnTimeout (node:internal/timers:588:17)
    at processTimers (node:internal/timers:523:7)
================================================================================

[2025-11-07T13:22:19.557Z] FATAL ERROR - system_tray
Platform: win32
Node Version: v22.19.0
Electron Version: unknown
Error: __vite_ssr_import_0__.app.getAppPath is not a function
Stack: TypeError: __vite_ssr_import_0__.app.getAppPath is not a function
    at TrayManager.getIconPath (C:\Users\hybnb\Desktop\xiaohao\telegram-web-auto-reply\src\main\system\tray-manager.ts:393:33)
    at TrayManager.initialize (C:\Users\hybnb\Desktop\xiaohao\telegram-web-auto-reply\src\main\system\tray-manager.ts:52:27)
    at C:\Users\hybnb\Desktop\xiaohao\telegram-web-auto-reply\src\main\index.ts:644:27
    at processTicksAndRejections (node:internal/process/task_queues:105:5)
================================================================================

[2025-11-07T13:22:22.557Z] FATAL ERROR - uncaughtException
Platform: win32
Node Version: v22.19.0
Electron Version: unknown
Error: mainWindow.isVisible is not a function
Stack: TypeError: mainWindow.isVisible is not a function
    at Timeout._onTimeout (C:\Users\hybnb\Desktop\xiaohao\telegram-web-auto-reply\src\main\index.ts:242:35)
    at listOnTimeout (node:internal/timers:588:17)
    at processTimers (node:internal/timers:523:7)
================================================================================

[2025-11-07T15:14:57.478Z] FATAL ERROR - system_tray
Platform: win32
Node Version: v22.19.0
Electron Version: unknown
Error: __vite_ssr_import_0__.app.getAppPath is not a function
Stack: TypeError: __vite_ssr_import_0__.app.getAppPath is not a function
    at TrayManager.getIconPath (C:\Users\hybnb\Desktop\xiaohao\telegram-web-auto-reply\src\main\system\tray-manager.ts:393:33)
    at TrayManager.initialize (C:\Users\hybnb\Desktop\xiaohao\telegram-web-auto-reply\src\main\system\tray-manager.ts:52:27)
    at C:\Users\hybnb\Desktop\xiaohao\telegram-web-auto-reply\src\main\index.ts:646:27
    at processTicksAndRejections (node:internal/process/task_queues:105:5)
================================================================================

[2025-11-07T15:15:00.493Z] FATAL ERROR - uncaughtException
Platform: win32
Node Version: v22.19.0
Electron Version: unknown
Error: mainWindow.isVisible is not a function
Stack: TypeError: mainWindow.isVisible is not a function
    at Timeout._onTimeout (C:\Users\hybnb\Desktop\xiaohao\telegram-web-auto-reply\src\main\index.ts:242:35)
    at listOnTimeout (node:internal/timers:588:17)
    at processTimers (node:internal/timers:523:7)
================================================================================

[2025-11-07T16:03:36.403Z] FATAL ERROR - system_tray
Platform: win32
Node Version: v22.19.0
Electron Version: unknown
Error: __vite_ssr_import_0__.app.getAppPath is not a function
Stack: TypeError: __vite_ssr_import_0__.app.getAppPath is not a function
    at TrayManager.getIconPath (C:\Users\hybnb\Desktop\xiaohao\telegram-web-auto-reply\src\main\system\tray-manager.ts:393:33)
    at TrayManager.initialize (C:\Users\hybnb\Desktop\xiaohao\telegram-web-auto-reply\src\main\system\tray-manager.ts:52:27)
    at C:\Users\hybnb\Desktop\xiaohao\telegram-web-auto-reply\src\main\index.ts:646:27
    at processTicksAndRejections (node:internal/process/task_queues:105:5)
================================================================================

[2025-11-07T16:03:39.396Z] FATAL ERROR - uncaughtException
Platform: win32
Node Version: v22.19.0
Electron Version: unknown
Error: mainWindow.isVisible is not a function
Stack: TypeError: mainWindow.isVisible is not a function
    at Timeout._onTimeout (C:\Users\hybnb\Desktop\xiaohao\telegram-web-auto-reply\src\main\index.ts:242:35)
    at listOnTimeout (node:internal/timers:588:17)
    at processTimers (node:internal/timers:523:7)
================================================================================

[2025-11-07T19:50:24.334Z] FATAL ERROR - system_tray
Platform: win32
Node Version: v22.19.0
Electron Version: unknown
Error: __vite_ssr_import_0__.app.getAppPath is not a function
Stack: TypeError: __vite_ssr_import_0__.app.getAppPath is not a function
    at TrayManager.getIconPath (C:\Users\hybnb\Desktop\xiaohao\telegram-web-auto-reply\src\main\system\tray-manager.ts:393:33)
    at TrayManager.initialize (C:\Users\hybnb\Desktop\xiaohao\telegram-web-auto-reply\src\main\system\tray-manager.ts:52:27)
    at C:\Users\hybnb\Desktop\xiaohao\telegram-web-auto-reply\src\main\index.ts:664:27
    at processTicksAndRejections (node:internal/process/task_queues:105:5)
================================================================================

[2025-11-07T19:50:27.328Z] FATAL ERROR - uncaughtException
Platform: win32
Node Version: v22.19.0
Electron Version: unknown
Error: mainWindow.isVisible is not a function
Stack: TypeError: mainWindow.isVisible is not a function
    at Timeout._onTimeout (C:\Users\hybnb\Desktop\xiaohao\telegram-web-auto-reply\src\main\index.ts:243:35)
    at listOnTimeout (node:internal/timers:588:17)
    at processTimers (node:internal/timers:523:7)
================================================================================

[2025-11-07T20:10:31.900Z] FATAL ERROR - system_tray
Platform: win32
Node Version: v22.19.0
Electron Version: unknown
Error: __vite_ssr_import_0__.app.getAppPath is not a function
Stack: TypeError: __vite_ssr_import_0__.app.getAppPath is not a function
    at TrayManager.getIconPath (C:\Users\hybnb\Desktop\xiaohao\telegram-web-auto-reply\src\main\system\tray-manager.ts:393:33)
    at TrayManager.initialize (C:\Users\hybnb\Desktop\xiaohao\telegram-web-auto-reply\src\main\system\tray-manager.ts:52:27)
    at C:\Users\hybnb\Desktop\xiaohao\telegram-web-auto-reply\src\main\index.ts:664:27
    at processTicksAndRejections (node:internal/process/task_queues:105:5)
================================================================================

[2025-11-07T20:10:34.897Z] FATAL ERROR - uncaughtException
Platform: win32
Node Version: v22.19.0
Electron Version: unknown
Error: mainWindow.isVisible is not a function
Stack: TypeError: mainWindow.isVisible is not a function
    at Timeout._onTimeout (C:\Users\hybnb\Desktop\xiaohao\telegram-web-auto-reply\src\main\index.ts:243:35)
    at listOnTimeout (node:internal/timers:588:17)
    at processTimers (node:internal/timers:523:7)
================================================================================

[2025-11-07T20:27:57.777Z] FATAL ERROR - system_tray
Platform: win32
Node Version: v22.19.0
Electron Version: unknown
Error: __vite_ssr_import_0__.app.getAppPath is not a function
Stack: TypeError: __vite_ssr_import_0__.app.getAppPath is not a function
    at TrayManager.getIconPath (C:\Users\hybnb\Desktop\xiaohao\telegram-web-auto-reply\src\main\system\tray-manager.ts:393:33)
    at TrayManager.initialize (C:\Users\hybnb\Desktop\xiaohao\telegram-web-auto-reply\src\main\system\tray-manager.ts:52:27)
    at C:\Users\hybnb\Desktop\xiaohao\telegram-web-auto-reply\src\main\index.ts:664:27
    at processTicksAndRejections (node:internal/process/task_queues:105:5)
================================================================================

[2025-11-07T20:28:00.770Z] FATAL ERROR - uncaughtException
Platform: win32
Node Version: v22.19.0
Electron Version: unknown
Error: mainWindow.isVisible is not a function
Stack: TypeError: mainWindow.isVisible is not a function
    at Timeout._onTimeout (C:\Users\hybnb\Desktop\xiaohao\telegram-web-auto-reply\src\main\index.ts:243:35)
    at listOnTimeout (node:internal/timers:588:17)
    at processTimers (node:internal/timers:523:7)
================================================================================

[2025-11-08T12:59:30.166Z] FATAL ERROR - system_tray
Platform: win32
Node Version: v22.19.0
Electron Version: unknown
Error: __vite_ssr_import_0__.app.getAppPath is not a function
Stack: TypeError: __vite_ssr_import_0__.app.getAppPath is not a function
    at TrayManager.getIconPath (C:\Users\hybnb\Desktop\xiaohao\telegram-web-auto-reply\src\main\system\tray-manager.ts:393:33)
    at TrayManager.initialize (C:\Users\hybnb\Desktop\xiaohao\telegram-web-auto-reply\src\main\system\tray-manager.ts:52:27)
    at C:\Users\hybnb\Desktop\xiaohao\telegram-web-auto-reply\src\main\index.ts:664:27
    at processTicksAndRejections (node:internal/process/task_queues:105:5)
================================================================================

[2025-11-08T12:59:33.177Z] FATAL ERROR - uncaughtException
Platform: win32
Node Version: v22.19.0
Electron Version: unknown
Error: mainWindow.isVisible is not a function
Stack: TypeError: mainWindow.isVisible is not a function
    at Timeout._onTimeout (C:\Users\hybnb\Desktop\xiaohao\telegram-web-auto-reply\src\main\index.ts:243:35)
    at listOnTimeout (node:internal/timers:588:17)
    at processTimers (node:internal/timers:523:7)
================================================================================

[2025-11-08T13:58:03.986Z] FATAL ERROR - system_tray
Platform: win32
Node Version: v22.19.0
Electron Version: unknown
Error: __vite_ssr_import_0__.app.getAppPath is not a function
Stack: TypeError: __vite_ssr_import_0__.app.getAppPath is not a function
    at TrayManager.getIconPath (C:\Users\hybnb\Desktop\xiaohao\telegram-web-auto-reply\src\main\system\tray-manager.ts:393:33)
    at TrayManager.initialize (C:\Users\hybnb\Desktop\xiaohao\telegram-web-auto-reply\src\main\system\tray-manager.ts:52:27)
    at C:\Users\hybnb\Desktop\xiaohao\telegram-web-auto-reply\src\main\index.ts:664:27
    at processTicksAndRejections (node:internal/process/task_queues:105:5)
================================================================================

[2025-11-08T13:58:06.993Z] FATAL ERROR - uncaughtException
Platform: win32
Node Version: v22.19.0
Electron Version: unknown
Error: mainWindow.isVisible is not a function
Stack: TypeError: mainWindow.isVisible is not a function
    at Timeout._onTimeout (C:\Users\hybnb\Desktop\xiaohao\telegram-web-auto-reply\src\main\index.ts:243:35)
    at listOnTimeout (node:internal/timers:588:17)
    at processTimers (node:internal/timers:523:7)
================================================================================

[2025-11-08T17:57:41.402Z] FATAL ERROR - system_tray
Platform: win32
Node Version: v22.19.0
Electron Version: unknown
Error: __vite_ssr_import_0__.app.getAppPath is not a function
Stack: TypeError: __vite_ssr_import_0__.app.getAppPath is not a function
    at TrayManager.getIconPath (C:\Users\hybnb\Desktop\xiaohao\telegram-web-auto-reply\src\main\system\tray-manager.ts:393:33)
    at TrayManager.initialize (C:\Users\hybnb\Desktop\xiaohao\telegram-web-auto-reply\src\main\system\tray-manager.ts:52:27)
    at C:\Users\hybnb\Desktop\xiaohao\telegram-web-auto-reply\src\main\index.ts:664:27
    at processTicksAndRejections (node:internal/process/task_queues:105:5)
================================================================================

[2025-11-08T17:57:44.400Z] FATAL ERROR - uncaughtException
Platform: win32
Node Version: v22.19.0
Electron Version: unknown
Error: mainWindow.isVisible is not a function
Stack: TypeError: mainWindow.isVisible is not a function
    at Timeout._onTimeout (C:\Users\hybnb\Desktop\xiaohao\telegram-web-auto-reply\src\main\index.ts:243:35)
    at listOnTimeout (node:internal/timers:588:17)
    at processTimers (node:internal/timers:523:7)
================================================================================

[2025-11-08T18:03:05.606Z] FATAL ERROR - system_tray
Platform: win32
Node Version: v22.19.0
Electron Version: unknown
Error: __vite_ssr_import_0__.app.getAppPath is not a function
Stack: TypeError: __vite_ssr_import_0__.app.getAppPath is not a function
    at TrayManager.getIconPath (C:\Users\hybnb\Desktop\xiaohao\telegram-web-auto-reply\src\main\system\tray-manager.ts:393:33)
    at TrayManager.initialize (C:\Users\hybnb\Desktop\xiaohao\telegram-web-auto-reply\src\main\system\tray-manager.ts:52:27)
    at C:\Users\hybnb\Desktop\xiaohao\telegram-web-auto-reply\src\main\index.ts:664:27
    at processTicksAndRejections (node:internal/process/task_queues:105:5)
================================================================================

[2025-11-08T18:03:08.607Z] FATAL ERROR - uncaughtException
Platform: win32
Node Version: v22.19.0
Electron Version: unknown
Error: mainWindow.isVisible is not a function
Stack: TypeError: mainWindow.isVisible is not a function
    at Timeout._onTimeout (C:\Users\hybnb\Desktop\xiaohao\telegram-web-auto-reply\src\main\index.ts:243:35)
    at listOnTimeout (node:internal/timers:588:17)
    at processTimers (node:internal/timers:523:7)
================================================================================

[2025-11-08T18:13:03.965Z] FATAL ERROR - system_tray
Platform: win32
Node Version: v22.19.0
Electron Version: unknown
Error: __vite_ssr_import_0__.app.getAppPath is not a function
Stack: TypeError: __vite_ssr_import_0__.app.getAppPath is not a function
    at TrayManager.getIconPath (C:\Users\hybnb\Desktop\xiaohao\telegram-web-auto-reply\src\main\system\tray-manager.ts:393:33)
    at TrayManager.initialize (C:\Users\hybnb\Desktop\xiaohao\telegram-web-auto-reply\src\main\system\tray-manager.ts:52:27)
    at C:\Users\hybnb\Desktop\xiaohao\telegram-web-auto-reply\src\main\index.ts:664:27
    at processTicksAndRejections (node:internal/process/task_queues:105:5)
================================================================================

[2025-11-08T18:13:06.964Z] FATAL ERROR - uncaughtException
Platform: win32
Node Version: v22.19.0
Electron Version: unknown
Error: mainWindow.isVisible is not a function
Stack: TypeError: mainWindow.isVisible is not a function
    at Timeout._onTimeout (C:\Users\hybnb\Desktop\xiaohao\telegram-web-auto-reply\src\main\index.ts:243:35)
    at listOnTimeout (node:internal/timers:588:17)
    at processTimers (node:internal/timers:523:7)
================================================================================

[2025-11-08T18:58:07.420Z] FATAL ERROR - system_tray
Platform: win32
Node Version: v22.19.0
Electron Version: unknown
Error: __vite_ssr_import_0__.app.getAppPath is not a function
Stack: TypeError: __vite_ssr_import_0__.app.getAppPath is not a function
    at TrayManager.getIconPath (C:\Users\hybnb\Desktop\xiaohao\telegram-web-auto-reply\src\main\system\tray-manager.ts:393:33)
    at TrayManager.initialize (C:\Users\hybnb\Desktop\xiaohao\telegram-web-auto-reply\src\main\system\tray-manager.ts:52:27)
    at C:\Users\hybnb\Desktop\xiaohao\telegram-web-auto-reply\src\main\index.ts:664:27
    at processTicksAndRejections (node:internal/process/task_queues:105:5)
================================================================================

[2025-11-08T18:58:10.412Z] FATAL ERROR - uncaughtException
Platform: win32
Node Version: v22.19.0
Electron Version: unknown
Error: mainWindow.isVisible is not a function
Stack: TypeError: mainWindow.isVisible is not a function
    at Timeout._onTimeout (C:\Users\hybnb\Desktop\xiaohao\telegram-web-auto-reply\src\main\index.ts:243:35)
    at listOnTimeout (node:internal/timers:588:17)
    at processTimers (node:internal/timers:523:7)
================================================================================

[2025-11-08T19:03:11.169Z] FATAL ERROR - system_tray
Platform: win32
Node Version: v22.19.0
Electron Version: unknown
Error: __vite_ssr_import_0__.app.getAppPath is not a function
Stack: TypeError: __vite_ssr_import_0__.app.getAppPath is not a function
    at TrayManager.getIconPath (C:\Users\hybnb\Desktop\xiaohao\telegram-web-auto-reply\src\main\system\tray-manager.ts:393:33)
    at TrayManager.initialize (C:\Users\hybnb\Desktop\xiaohao\telegram-web-auto-reply\src\main\system\tray-manager.ts:52:27)
    at C:\Users\hybnb\Desktop\xiaohao\telegram-web-auto-reply\src\main\index.ts:664:27
    at processTicksAndRejections (node:internal/process/task_queues:105:5)
================================================================================

[2025-11-08T19:03:14.169Z] FATAL ERROR - uncaughtException
Platform: win32
Node Version: v22.19.0
Electron Version: unknown
Error: mainWindow.isVisible is not a function
Stack: TypeError: mainWindow.isVisible is not a function
    at Timeout._onTimeout (C:\Users\hybnb\Desktop\xiaohao\telegram-web-auto-reply\src\main\index.ts:243:35)
    at listOnTimeout (node:internal/timers:588:17)
    at processTimers (node:internal/timers:523:7)
================================================================================

[2025-11-08T20:19:04.638Z] FATAL ERROR - system_tray
Platform: win32
Node Version: v22.19.0
Electron Version: unknown
Error: __vite_ssr_import_0__.app.getAppPath is not a function
Stack: TypeError: __vite_ssr_import_0__.app.getAppPath is not a function
    at TrayManager.getIconPath (C:\Users\hybnb\Desktop\xiaohao\telegram-web-auto-reply\src\main\system\tray-manager.ts:393:33)
    at TrayManager.initialize (C:\Users\hybnb\Desktop\xiaohao\telegram-web-auto-reply\src\main\system\tray-manager.ts:52:27)
    at C:\Users\hybnb\Desktop\xiaohao\telegram-web-auto-reply\src\main\index.ts:664:27
    at processTicksAndRejections (node:internal/process/task_queues:105:5)
================================================================================

[2025-11-08T20:19:07.641Z] FATAL ERROR - uncaughtException
Platform: win32
Node Version: v22.19.0
Electron Version: unknown
Error: mainWindow.isVisible is not a function
Stack: TypeError: mainWindow.isVisible is not a function
    at Timeout._onTimeout (C:\Users\hybnb\Desktop\xiaohao\telegram-web-auto-reply\src\main\index.ts:243:35)
    at listOnTimeout (node:internal/timers:588:17)
    at processTimers (node:internal/timers:523:7)
================================================================================

[2025-11-08T20:42:51.225Z] FATAL ERROR - system_tray
Platform: win32
Node Version: v22.19.0
Electron Version: unknown
Error: __vite_ssr_import_0__.app.getAppPath is not a function
Stack: TypeError: __vite_ssr_import_0__.app.getAppPath is not a function
    at TrayManager.getIconPath (C:\Users\hybnb\Desktop\xiaohao\telegram-web-auto-reply\src\main\system\tray-manager.ts:393:33)
    at TrayManager.initialize (C:\Users\hybnb\Desktop\xiaohao\telegram-web-auto-reply\src\main\system\tray-manager.ts:52:27)
    at C:\Users\hybnb\Desktop\xiaohao\telegram-web-auto-reply\src\main\index.ts:664:27
    at processTicksAndRejections (node:internal/process/task_queues:105:5)
================================================================================

[2025-11-08T20:42:54.229Z] FATAL ERROR - uncaughtException
Platform: win32
Node Version: v22.19.0
Electron Version: unknown
Error: mainWindow.isVisible is not a function
Stack: TypeError: mainWindow.isVisible is not a function
    at Timeout._onTimeout (C:\Users\hybnb\Desktop\xiaohao\telegram-web-auto-reply\src\main\index.ts:243:35)
    at listOnTimeout (node:internal/timers:588:17)
    at processTimers (node:internal/timers:523:7)
================================================================================

[2025-11-09T06:11:04.627Z] FATAL ERROR - system_tray
Platform: win32
Node Version: v22.19.0
Electron Version: unknown
Error: __vite_ssr_import_0__.app.getAppPath is not a function
Stack: TypeError: __vite_ssr_import_0__.app.getAppPath is not a function
    at TrayManager.getIconPath (C:\Users\hybnb\Desktop\xiaohao\telegram-web-auto-reply\src\main\system\tray-manager.ts:393:33)
    at TrayManager.initialize (C:\Users\hybnb\Desktop\xiaohao\telegram-web-auto-reply\src\main\system\tray-manager.ts:52:27)
    at C:\Users\hybnb\Desktop\xiaohao\telegram-web-auto-reply\src\main\index.ts:664:27
    at processTicksAndRejections (node:internal/process/task_queues:105:5)
================================================================================

[2025-11-09T06:11:07.630Z] FATAL ERROR - uncaughtException
Platform: win32
Node Version: v22.19.0
Electron Version: unknown
Error: mainWindow.isVisible is not a function
Stack: TypeError: mainWindow.isVisible is not a function
    at Timeout._onTimeout (C:\Users\hybnb\Desktop\xiaohao\telegram-web-auto-reply\src\main\index.ts:243:35)
    at listOnTimeout (node:internal/timers:588:17)
    at processTimers (node:internal/timers:523:7)
================================================================================

[2025-11-09T06:27:55.886Z] FATAL ERROR - system_tray
Platform: win32
Node Version: v22.19.0
Electron Version: unknown
Error: __vite_ssr_import_0__.app.getAppPath is not a function
Stack: TypeError: __vite_ssr_import_0__.app.getAppPath is not a function
    at TrayManager.getIconPath (C:\Users\hybnb\Desktop\xiaohao\telegram-web-auto-reply\src\main\system\tray-manager.ts:393:33)
    at TrayManager.initialize (C:\Users\hybnb\Desktop\xiaohao\telegram-web-auto-reply\src\main\system\tray-manager.ts:52:27)
    at C:\Users\hybnb\Desktop\xiaohao\telegram-web-auto-reply\src\main\index.ts:664:27
    at processTicksAndRejections (node:internal/process/task_queues:105:5)
================================================================================

[2025-11-09T06:27:58.888Z] FATAL ERROR - uncaughtException
Platform: win32
Node Version: v22.19.0
Electron Version: unknown
Error: mainWindow.isVisible is not a function
Stack: TypeError: mainWindow.isVisible is not a function
    at Timeout._onTimeout (C:\Users\hybnb\Desktop\xiaohao\telegram-web-auto-reply\src\main\index.ts:243:35)
    at listOnTimeout (node:internal/timers:588:17)
    at processTimers (node:internal/timers:523:7)
================================================================================

[2025-11-09T06:47:15.944Z] FATAL ERROR - system_tray
Platform: win32
Node Version: v22.19.0
Electron Version: unknown
Error: __vite_ssr_import_0__.app.getAppPath is not a function
Stack: TypeError: __vite_ssr_import_0__.app.getAppPath is not a function
    at TrayManager.getIconPath (C:\Users\hybnb\Desktop\xiaohao\telegram-web-auto-reply\src\main\system\tray-manager.ts:393:33)
    at TrayManager.initialize (C:\Users\hybnb\Desktop\xiaohao\telegram-web-auto-reply\src\main\system\tray-manager.ts:52:27)
    at C:\Users\hybnb\Desktop\xiaohao\telegram-web-auto-reply\src\main\index.ts:664:27
    at processTicksAndRejections (node:internal/process/task_queues:105:5)
================================================================================

[2025-11-09T06:47:18.947Z] FATAL ERROR - uncaughtException
Platform: win32
Node Version: v22.19.0
Electron Version: unknown
Error: mainWindow.isVisible is not a function
Stack: TypeError: mainWindow.isVisible is not a function
    at Timeout._onTimeout (C:\Users\hybnb\Desktop\xiaohao\telegram-web-auto-reply\src\main\index.ts:243:35)
    at listOnTimeout (node:internal/timers:588:17)
    at processTimers (node:internal/timers:523:7)
================================================================================

[2025-11-09T06:48:40.448Z] FATAL ERROR - system_tray
Platform: win32
Node Version: v22.19.0
Electron Version: unknown
Error: __vite_ssr_import_0__.app.getAppPath is not a function
Stack: TypeError: __vite_ssr_import_0__.app.getAppPath is not a function
    at TrayManager.getIconPath (C:\Users\hybnb\Desktop\xiaohao\telegram-web-auto-reply\src\main\system\tray-manager.ts:393:33)
    at TrayManager.initialize (C:\Users\hybnb\Desktop\xiaohao\telegram-web-auto-reply\src\main\system\tray-manager.ts:52:27)
    at C:\Users\hybnb\Desktop\xiaohao\telegram-web-auto-reply\src\main\index.ts:664:27
    at processTicksAndRejections (node:internal/process/task_queues:105:5)
================================================================================

[2025-11-09T06:48:43.456Z] FATAL ERROR - uncaughtException
Platform: win32
Node Version: v22.19.0
Electron Version: unknown
Error: mainWindow.isVisible is not a function
Stack: TypeError: mainWindow.isVisible is not a function
    at Timeout._onTimeout (C:\Users\hybnb\Desktop\xiaohao\telegram-web-auto-reply\src\main\index.ts:243:35)
    at listOnTimeout (node:internal/timers:588:17)
    at processTimers (node:internal/timers:523:7)
================================================================================

[2025-11-09T09:02:34.858Z] FATAL ERROR - system_tray
Platform: win32
Node Version: v22.19.0
Electron Version: unknown
Error: __vite_ssr_import_0__.app.getAppPath is not a function
Stack: TypeError: __vite_ssr_import_0__.app.getAppPath is not a function
    at TrayManager.getIconPath (C:\Users\hybnb\Desktop\xiaohao\telegram-web-auto-reply\src\main\system\tray-manager.ts:393:33)
    at TrayManager.initialize (C:\Users\hybnb\Desktop\xiaohao\telegram-web-auto-reply\src\main\system\tray-manager.ts:52:27)
    at C:\Users\hybnb\Desktop\xiaohao\telegram-web-auto-reply\src\main\index.ts:664:27
    at processTicksAndRejections (node:internal/process/task_queues:105:5)
================================================================================

[2025-11-09T09:02:37.846Z] FATAL ERROR - uncaughtException
Platform: win32
Node Version: v22.19.0
Electron Version: unknown
Error: mainWindow.isVisible is not a function
Stack: TypeError: mainWindow.isVisible is not a function
    at Timeout._onTimeout (C:\Users\hybnb\Desktop\xiaohao\telegram-web-auto-reply\src\main\index.ts:243:35)
    at listOnTimeout (node:internal/timers:588:17)
    at processTimers (node:internal/timers:523:7)
================================================================================

[2025-11-09T10:07:53.759Z] FATAL ERROR - system_tray
Platform: win32
Node Version: v22.19.0
Electron Version: unknown
Error: __vite_ssr_import_0__.app.getAppPath is not a function
Stack: TypeError: __vite_ssr_import_0__.app.getAppPath is not a function
    at TrayManager.getIconPath (C:\Users\hybnb\Desktop\xiaohao\telegram-web-auto-reply\src\main\system\tray-manager.ts:393:33)
    at TrayManager.initialize (C:\Users\hybnb\Desktop\xiaohao\telegram-web-auto-reply\src\main\system\tray-manager.ts:52:27)
    at C:\Users\hybnb\Desktop\xiaohao\telegram-web-auto-reply\src\main\index.ts:664:27
    at processTicksAndRejections (node:internal/process/task_queues:105:5)
================================================================================

[2025-11-09T10:07:56.755Z] FATAL ERROR - uncaughtException
Platform: win32
Node Version: v22.19.0
Electron Version: unknown
Error: mainWindow.isVisible is not a function
Stack: TypeError: mainWindow.isVisible is not a function
    at Timeout._onTimeout (C:\Users\hybnb\Desktop\xiaohao\telegram-web-auto-reply\src\main\index.ts:243:35)
    at listOnTimeout (node:internal/timers:588:17)
    at processTimers (node:internal/timers:523:7)
================================================================================

[2025-11-12T19:10:35.407Z] FATAL ERROR - system_tray
Platform: win32
Node Version: v22.19.0
Electron Version: unknown
Error: __vite_ssr_import_0__.app.getAppPath is not a function
Stack: TypeError: __vite_ssr_import_0__.app.getAppPath is not a function
    at TrayManager.getIconPath (C:\Users\hybnb\Desktop\xiaohao\telegram-web-auto-reply\src\main\system\tray-manager.ts:393:33)
    at TrayManager.initialize (C:\Users\hybnb\Desktop\xiaohao\telegram-web-auto-reply\src\main\system\tray-manager.ts:52:27)
    at C:\Users\hybnb\Desktop\xiaohao\telegram-web-auto-reply\src\main\index.ts:684:27
    at processTicksAndRejections (node:internal/process/task_queues:105:5)
================================================================================

[2025-11-12T19:10:38.409Z] FATAL ERROR - uncaughtException
Platform: win32
Node Version: v22.19.0
Electron Version: unknown
Error: mainWindow.isVisible is not a function
Stack: TypeError: mainWindow.isVisible is not a function
    at Timeout._onTimeout (C:\Users\hybnb\Desktop\xiaohao\telegram-web-auto-reply\src\main\index.ts:250:35)
    at listOnTimeout (node:internal/timers:588:17)
    at processTimers (node:internal/timers:523:7)
================================================================================

[2025-11-12T19:47:37.213Z] FATAL ERROR - system_tray
Platform: win32
Node Version: v22.19.0
Electron Version: unknown
Error: __vite_ssr_import_0__.app.getAppPath is not a function
Stack: TypeError: __vite_ssr_import_0__.app.getAppPath is not a function
    at TrayManager.getIconPath (C:\Users\hybnb\Desktop\xiaohao\telegram-web-auto-reply\src\main\system\tray-manager.ts:393:33)
    at TrayManager.initialize (C:\Users\hybnb\Desktop\xiaohao\telegram-web-auto-reply\src\main\system\tray-manager.ts:52:27)
    at C:\Users\hybnb\Desktop\xiaohao\telegram-web-auto-reply\src\main\index.ts:689:27
    at processTicksAndRejections (node:internal/process/task_queues:105:5)
================================================================================

[2025-11-12T19:47:40.210Z] FATAL ERROR - uncaughtException
Platform: win32
Node Version: v22.19.0
Electron Version: unknown
Error: mainWindow.isVisible is not a function
Stack: TypeError: mainWindow.isVisible is not a function
    at Timeout._onTimeout (C:\Users\hybnb\Desktop\xiaohao\telegram-web-auto-reply\src\main\index.ts:251:35)
    at listOnTimeout (node:internal/timers:588:17)
    at processTimers (node:internal/timers:523:7)
================================================================================

[2025-11-13T05:47:24.706Z] FATAL ERROR - system_tray
Platform: win32
Node Version: v22.19.0
Electron Version: unknown
Error: __vite_ssr_import_0__.app.getAppPath is not a function
Stack: TypeError: __vite_ssr_import_0__.app.getAppPath is not a function
    at TrayManager.getIconPath (C:\Users\hybnb\Desktop\xiaohao\telegram-web-auto-reply\src\main\system\tray-manager.ts:393:33)
    at TrayManager.initialize (C:\Users\hybnb\Desktop\xiaohao\telegram-web-auto-reply\src\main\system\tray-manager.ts:52:27)
    at C:\Users\hybnb\Desktop\xiaohao\telegram-web-auto-reply\src\main\index.ts:699:27
    at processTicksAndRejections (node:internal/process/task_queues:105:5)
================================================================================

[2025-11-13T05:47:27.712Z] FATAL ERROR - uncaughtException
Platform: win32
Node Version: v22.19.0
Electron Version: unknown
Error: mainWindow.isVisible is not a function
Stack: TypeError: mainWindow.isVisible is not a function
    at Timeout._onTimeout (C:\Users\hybnb\Desktop\xiaohao\telegram-web-auto-reply\src\main\index.ts:260:35)
    at listOnTimeout (node:internal/timers:588:17)
    at processTimers (node:internal/timers:523:7)
================================================================================

[2025-11-13T05:48:15.023Z] FATAL ERROR - system_tray
Platform: win32
Node Version: v22.19.0
Electron Version: unknown
Error: __vite_ssr_import_0__.app.getAppPath is not a function
Stack: TypeError: __vite_ssr_import_0__.app.getAppPath is not a function
    at TrayManager.getIconPath (C:\Users\hybnb\Desktop\xiaohao\telegram-web-auto-reply\src\main\system\tray-manager.ts:393:33)
    at TrayManager.initialize (C:\Users\hybnb\Desktop\xiaohao\telegram-web-auto-reply\src\main\system\tray-manager.ts:52:27)
    at C:\Users\hybnb\Desktop\xiaohao\telegram-web-auto-reply\src\main\index.ts:699:27
    at processTicksAndRejections (node:internal/process/task_queues:105:5)
================================================================================

[2025-11-13T05:48:18.033Z] FATAL ERROR - uncaughtException
Platform: win32
Node Version: v22.19.0
Electron Version: unknown
Error: mainWindow.isVisible is not a function
Stack: TypeError: mainWindow.isVisible is not a function
    at Timeout._onTimeout (C:\Users\hybnb\Desktop\xiaohao\telegram-web-auto-reply\src\main\index.ts:260:35)
    at listOnTimeout (node:internal/timers:588:17)
    at processTimers (node:internal/timers:523:7)
================================================================================

[2025-11-13T06:17:33.386Z] FATAL ERROR - system_tray
Platform: win32
Node Version: v22.19.0
Electron Version: unknown
Error: __vite_ssr_import_0__.app.getAppPath is not a function
Stack: TypeError: __vite_ssr_import_0__.app.getAppPath is not a function
    at TrayManager.getIconPath (C:\Users\hybnb\Desktop\xiaohao\telegram-web-auto-reply\src\main\system\tray-manager.ts:393:33)
    at TrayManager.initialize (C:\Users\hybnb\Desktop\xiaohao\telegram-web-auto-reply\src\main\system\tray-manager.ts:52:27)
    at C:\Users\hybnb\Desktop\xiaohao\telegram-web-auto-reply\src\main\index.ts:700:27
    at processTicksAndRejections (node:internal/process/task_queues:105:5)
================================================================================

[2025-11-13T06:17:36.395Z] FATAL ERROR - uncaughtException
Platform: win32
Node Version: v22.19.0
Electron Version: unknown
Error: mainWindow.isVisible is not a function
Stack: TypeError: mainWindow.isVisible is not a function
    at Timeout._onTimeout (C:\Users\hybnb\Desktop\xiaohao\telegram-web-auto-reply\src\main\index.ts:261:35)
    at listOnTimeout (node:internal/timers:588:17)
    at processTimers (node:internal/timers:523:7)
================================================================================

[2025-11-13T15:59:49.808Z] FATAL ERROR - system_tray
Platform: win32
Node Version: v22.19.0
Electron Version: unknown
Error: __vite_ssr_import_0__.app.getAppPath is not a function
Stack: TypeError: __vite_ssr_import_0__.app.getAppPath is not a function
    at TrayManager.getIconPath (C:\Users\hybnb\Desktop\xiaohao\telegram-web-auto-reply\src\main\system\tray-manager.ts:393:33)
    at TrayManager.initialize (C:\Users\hybnb\Desktop\xiaohao\telegram-web-auto-reply\src\main\system\tray-manager.ts:52:27)
    at C:\Users\hybnb\Desktop\xiaohao\telegram-web-auto-reply\src\main\index.ts:702:27
    at processTicksAndRejections (node:internal/process/task_queues:105:5)
================================================================================

[2025-11-13T15:59:52.810Z] FATAL ERROR - uncaughtException
Platform: win32
Node Version: v22.19.0
Electron Version: unknown
Error: mainWindow.isVisible is not a function
Stack: TypeError: mainWindow.isVisible is not a function
    at Timeout._onTimeout (C:\Users\hybnb\Desktop\xiaohao\telegram-web-auto-reply\src\main\index.ts:262:35)
    at listOnTimeout (node:internal/timers:588:17)
    at processTimers (node:internal/timers:523:7)
================================================================================

[2025-11-13T16:02:02.314Z] FATAL ERROR - system_tray
Platform: win32
Node Version: v22.19.0
Electron Version: unknown
Error: __vite_ssr_import_0__.app.getAppPath is not a function
Stack: TypeError: __vite_ssr_import_0__.app.getAppPath is not a function
    at TrayManager.getIconPath (C:\Users\hybnb\Desktop\xiaohao\telegram-web-auto-reply\src\main\system\tray-manager.ts:393:33)
    at TrayManager.initialize (C:\Users\hybnb\Desktop\xiaohao\telegram-web-auto-reply\src\main\system\tray-manager.ts:52:27)
    at C:\Users\hybnb\Desktop\xiaohao\telegram-web-auto-reply\src\main\index.ts:702:27
    at processTicksAndRejections (node:internal/process/task_queues:105:5)
================================================================================

[2025-11-13T16:02:05.310Z] FATAL ERROR - uncaughtException
Platform: win32
Node Version: v22.19.0
Electron Version: unknown
Error: mainWindow.isVisible is not a function
Stack: TypeError: mainWindow.isVisible is not a function
    at Timeout._onTimeout (C:\Users\hybnb\Desktop\xiaohao\telegram-web-auto-reply\src\main\index.ts:262:35)
    at listOnTimeout (node:internal/timers:588:17)
    at processTimers (node:internal/timers:523:7)
================================================================================

[2025-11-13T16:05:44.624Z] FATAL ERROR - system_tray
Platform: win32
Node Version: v22.19.0
Electron Version: unknown
Error: __vite_ssr_import_0__.app.getAppPath is not a function
Stack: TypeError: __vite_ssr_import_0__.app.getAppPath is not a function
    at TrayManager.getIconPath (C:\Users\hybnb\Desktop\xiaohao\telegram-web-auto-reply\src\main\system\tray-manager.ts:393:33)
    at TrayManager.initialize (C:\Users\hybnb\Desktop\xiaohao\telegram-web-auto-reply\src\main\system\tray-manager.ts:52:27)
    at C:\Users\hybnb\Desktop\xiaohao\telegram-web-auto-reply\src\main\index.ts:702:27
    at processTicksAndRejections (node:internal/process/task_queues:105:5)
================================================================================

[2025-11-13T16:05:47.626Z] FATAL ERROR - uncaughtException
Platform: win32
Node Version: v22.19.0
Electron Version: unknown
Error: mainWindow.isVisible is not a function
Stack: TypeError: mainWindow.isVisible is not a function
    at Timeout._onTimeout (C:\Users\hybnb\Desktop\xiaohao\telegram-web-auto-reply\src\main\index.ts:262:35)
    at listOnTimeout (node:internal/timers:588:17)
    at processTimers (node:internal/timers:523:7)
================================================================================

[2025-11-13T17:27:41.595Z] FATAL ERROR - system_tray
Platform: win32
Node Version: v22.19.0
Electron Version: unknown
Error: __vite_ssr_import_0__.app.getAppPath is not a function
Stack: TypeError: __vite_ssr_import_0__.app.getAppPath is not a function
    at TrayManager.getIconPath (C:\Users\hybnb\Desktop\xiaohao\telegram-web-auto-reply\src\main\system\tray-manager.ts:393:33)
    at TrayManager.initialize (C:\Users\hybnb\Desktop\xiaohao\telegram-web-auto-reply\src\main\system\tray-manager.ts:52:27)
    at C:\Users\hybnb\Desktop\xiaohao\telegram-web-auto-reply\src\main\index.ts:702:27
    at processTicksAndRejections (node:internal/process/task_queues:105:5)
================================================================================

[2025-11-13T17:27:44.596Z] FATAL ERROR - uncaughtException
Platform: win32
Node Version: v22.19.0
Electron Version: unknown
Error: mainWindow.isVisible is not a function
Stack: TypeError: mainWindow.isVisible is not a function
    at Timeout._onTimeout (C:\Users\hybnb\Desktop\xiaohao\telegram-web-auto-reply\src\main\index.ts:262:35)
    at listOnTimeout (node:internal/timers:588:17)
    at processTimers (node:internal/timers:523:7)
================================================================================
